2025-12-15 16:40:05 [INFO]: MySQL database connected
2025-12-15 16:40:05 [INFO]: Server running on port 5000
2025-12-15 16:46:46 [INFO]: MySQL database connected
2025-12-15 16:46:46 [INFO]: Server running on port 5000
2025-12-15 16:49:45 [INFO]: MySQL database connected
2025-12-15 16:49:45 [INFO]: Server running on port 5000
2025-12-15 16:49:51 [INFO]: Health check API called
2025-12-18 16:35:58 [INFO]: Server running on port 5000
2025-12-18 16:35:58 [INFO]: MySQL database connected
2025-12-18 16:38:55 [INFO]: Register attempt for email: sriram@test.com
2025-12-18 16:38:55 [INFO]: Fetching user by email: sriram@test.com
2025-12-18 16:38:55 [INFO]: Creating user: sriram@test.com
2025-12-18 16:38:55 [INFO]: User registered successfully: sriram@test.com
2025-12-18 16:41:17 [INFO]: Login attempt for email: sriram@test.com
2025-12-18 16:41:17 [INFO]: Fetching user by email: sriram@test.com
2025-12-18 16:41:18 [INFO]: Login successful for userId: 4
2025-12-23 00:11:42 [ERROR]: Server startup failed: Access denied for user 'root'@'localhost' (using password: YES)
2025-12-23 00:11:42 [ERROR]: MySQL connection failed: Access denied for user 'root'@'localhost' (using password: YES)
2025-12-23 00:16:20 [ERROR]: Server startup failed: Access denied for user 'root'@'localhost' (using password: YES)
2025-12-23 00:16:20 [ERROR]: MySQL connection failed: Access denied for user 'root'@'localhost' (using password: YES)
2025-12-23 14:53:04 [ERROR]: MySQL connection failed: Access denied for user 'root'@'localhost' (using password: YES)
2025-12-23 14:53:04 [ERROR]: Server startup failed: Access denied for user 'root'@'localhost' (using password: YES)
2025-12-23 15:32:40 [ERROR]: MySQL connection failed: Access denied for user 'root'@'localhost' (using password: YES)
2025-12-23 15:32:40 [ERROR]: Server startup failed: Access denied for user 'root'@'localhost' (using password: YES)
2025-12-23 15:56:31 [ERROR]: MySQL connection failed: Access denied for user 'udaygundu'@'localhost' (using password: NO)
2025-12-23 15:56:31 [ERROR]: Server startup failed: Access denied for user 'udaygundu'@'localhost' (using password: NO)
2025-12-23 15:56:31 [ERROR]: MySQL connection failed: Access denied for user 'udaygundu'@'localhost' (using password: NO)
2025-12-23 15:56:31 [ERROR]: Server startup failed: Access denied for user 'udaygundu'@'localhost' (using password: NO)
2025-12-23 15:56:35 [ERROR]: MySQL connection failed: Access denied for user 'udaygundu'@'localhost' (using password: NO)
2025-12-23 15:56:35 [ERROR]: Server startup failed: Access denied for user 'udaygundu'@'localhost' (using password: NO)
2025-12-23 15:56:35 [ERROR]: MySQL connection failed: Access denied for user 'udaygundu'@'localhost' (using password: NO)
2025-12-23 15:56:35 [ERROR]: Server startup failed: Access denied for user 'udaygundu'@'localhost' (using password: NO)
2025-12-23 15:57:23 [ERROR]: MySQL connection failed: Access denied for user 'udaygundu'@'localhost' (using password: NO)
2025-12-23 15:57:23 [ERROR]: Server startup failed: Access denied for user 'udaygundu'@'localhost' (using password: NO)
2025-12-24 22:50:20 [ERROR]: Server startup failed: Access denied for user 'udaygundu'@'localhost' (using password: NO)
2025-12-24 22:50:20 [ERROR]: MySQL connection failed: Access denied for user 'udaygundu'@'localhost' (using password: NO)
2025-12-24 23:12:11 [ERROR]: Server startup failed: Access denied for user 'udaygundu'@'localhost' (using password: NO)
2025-12-24 23:12:11 [ERROR]: MySQL connection failed: Access denied for user 'udaygundu'@'localhost' (using password: NO)
2025-12-24 23:13:44 [INFO]: Register attempt for email: udaygundu17@gmail.com
2025-12-24 23:13:44 [INFO]: Fetching user by email: udaygundu17@gmail.com
2025-12-24 23:13:44 [ERROR]: Register failed: Access denied for user 'udaygundu'@'localhost' (using password: NO)
2025-12-24 23:16:10 [INFO]: Register attempt for email: udaygundu17@gmail.com
2025-12-24 23:16:10 [INFO]: Fetching user by email: udaygundu17@gmail.com
2025-12-24 23:16:10 [ERROR]: Register failed: Access denied for user 'udaygundu'@'localhost' (using password: NO)
2025-12-24 23:18:10 [INFO]: Register attempt for email: test@example.com
2025-12-24 23:18:10 [INFO]: Fetching user by email: test@example.com
2025-12-24 23:18:10 [ERROR]: Register failed: Access denied for user 'udaygundu'@'localhost' (using password: NO)
2025-12-24 23:41:13 [ERROR]: MySQL connection failed: 
2025-12-24 23:41:13 [ERROR]: MySQL connection failed: 
2025-12-24 23:41:13 [ERROR]: Server startup failed: 
2025-12-24 23:41:13 [ERROR]: Server startup failed: 
2025-12-24 23:58:14 [ERROR]: Server startup failed: Access denied for user 'root'@'localhost' (using password: YES)
2025-12-24 23:58:14 [ERROR]: MySQL connection failed: Access denied for user 'root'@'localhost' (using password: YES)
2025-12-24 23:59:15 [ERROR]: Server startup failed: Access denied for user 'root'@'localhost' (using password: NO)
2025-12-24 23:59:15 [ERROR]: MySQL connection failed: Access denied for user 'root'@'localhost' (using password: NO)
2025-12-25 00:01:08 [INFO]: Server running on port 3001
2025-12-25 00:01:08 [INFO]: MySQL database connected
2025-12-25 00:03:41 [INFO]: Server running on port 3001
2025-12-25 00:03:41 [INFO]: MySQL database connected
2025-12-25 00:04:59 [INFO]: Register attempt for email: udaygundu17@gmail.com
2025-12-25 00:04:59 [INFO]: Fetching user by email: udaygundu17@gmail.com
2025-12-25 00:04:59 [ERROR]: Register failed: Access denied for user 'root'@'localhost' (using password: YES)
2025-12-25 00:05:35 [INFO]: Register attempt for email: udaygundu17@gmail.com
2025-12-25 00:05:35 [INFO]: Fetching user by email: udaygundu17@gmail.com
2025-12-25 00:05:35 [ERROR]: Register failed: Access denied for user 'root'@'localhost' (using password: YES)
2025-12-25 00:07:23 [INFO]: Register attempt for email: test@example.com
2025-12-25 00:07:23 [INFO]: Fetching user by email: test@example.com
2025-12-25 00:07:23 [ERROR]: Register failed: Access denied for user 'root'@'localhost' (using password: YES)
2025-12-25 00:09:15 [INFO]: Register attempt for email: test@example.com
2025-12-25 00:09:15 [INFO]: Fetching user by email: test@example.com
2025-12-25 00:09:15 [ERROR]: Register failed: Access denied for user 'root'@'localhost' (using password: YES)
2025-12-25 00:09:29 [INFO]: Register attempt for email: newtest@example.com
2025-12-25 00:09:29 [INFO]: Fetching user by email: newtest@example.com
2025-12-25 00:09:29 [ERROR]: Register failed: Access denied for user 'root'@'localhost' (using password: YES)
2025-12-25 00:10:30 [INFO]: Register attempt for email: test@example.com
2025-12-25 00:10:30 [INFO]: Fetching user by email: test@example.com
2025-12-25 00:10:30 [ERROR]: Register failed: Access denied for user 'root'@'localhost' (using password: YES)
2025-12-25 00:10:40 [INFO]: MySQL database connected
2025-12-25 00:10:40 [INFO]: Server running on port 3001
2025-12-25 00:10:40 [INFO]: MySQL database connected
2025-12-25 00:10:40 [INFO]: Server running on port 3001
2025-12-25 00:10:48 [INFO]: Registration request received: {"name":"Test User","email":"test2@example.com","password":"password123","role":"TENANT"}
2025-12-25 00:10:48 [INFO]: Register attempt for email: test2@example.com
2025-12-25 00:10:48 [INFO]: Fetching user by email: test2@example.com
2025-12-25 00:10:48 [INFO]: Creating user: test2@example.com
2025-12-25 00:10:48 [INFO]: User registered successfully: test2@example.com
2025-12-25 00:11:06 [INFO]: Login attempt for email: test2@example.com
2025-12-25 00:11:06 [INFO]: Fetching user by email: test2@example.com
2025-12-25 00:11:06 [INFO]: Login successful for userId: 1
2025-12-25 00:11:36 [INFO]: Registration request received: {"name":"Uday Gundu","email":"udaygundu17@gmail.com","phone":"9014152131","password":"123456","role":"TENANT"}
2025-12-25 00:11:36 [INFO]: Register attempt for email: udaygundu17@gmail.com
2025-12-25 00:11:36 [INFO]: Fetching user by email: udaygundu17@gmail.com
2025-12-25 00:11:36 [INFO]: Creating user: udaygundu17@gmail.com
2025-12-25 00:11:36 [INFO]: User registered successfully: udaygundu17@gmail.com
2025-12-25 00:16:26 [INFO]: Login attempt for email: udaygundu17@gmail.com
2025-12-25 00:16:26 [INFO]: Fetching user by email: udaygundu17@gmail.com
2025-12-25 00:16:26 [INFO]: Login successful for userId: 2
2025-12-25 00:23:14 [INFO]: Registration request received: {"name":"Uday ","email":"udaygundu980@gmail.com","phone":"1234567890","password":"123456","role":"TENANT"}
2025-12-25 00:23:14 [INFO]: Register attempt for email: udaygundu980@gmail.com
2025-12-25 00:23:14 [INFO]: Fetching user by email: udaygundu980@gmail.com
2025-12-25 00:23:14 [INFO]: Creating user: udaygundu980@gmail.com
2025-12-25 00:23:14 [INFO]: User registered successfully: udaygundu980@gmail.com
2025-12-25 00:23:25 [INFO]: Login attempt for email: udaygundu980@gmail.com
2025-12-25 00:23:25 [INFO]: Fetching user by email: udaygundu980@gmail.com
2025-12-25 00:23:25 [INFO]: Login successful for userId: 6
2025-12-25 09:54:11 [INFO]: MySQL database connected
2025-12-25 09:54:11 [INFO]: Server running on port 3001
2025-12-25 14:36:30 [INFO]: MySQL database connected
2025-12-25 14:36:30 [INFO]: Server running on port 5000
2025-12-25 14:47:56 [ERROR]: MySQL connection failed: Access denied for user 'root'@'localhost' (using password: NO)
2025-12-25 14:47:56 [ERROR]: Connection details: host=127.0.0.1, user=root, database=house_rental_db, port=3306
2025-12-25 14:47:56 [ERROR]: Server startup failed: Access denied for user 'root'@'localhost' (using password: NO)
2025-12-25 14:55:34 [INFO]: MySQL database connected successfully
2025-12-25 14:55:34 [INFO]: Server running on port 3001
2025-12-25 14:56:19 [INFO]: MySQL database connected successfully
2025-12-25 14:56:19 [INFO]: Server running on port 3001
2025-12-25 14:57:58 [INFO]: Registration request received: {"name":"Sriram J","email":"Sriram2005j@gmail.com","phone":"+919025581587","password":"123456","role":"TENANT"}
2025-12-25 14:57:58 [INFO]: Register attempt for email: Sriram2005j@gmail.com
2025-12-25 14:57:58 [INFO]: Fetching user by email: Sriram2005j@gmail.com
2025-12-25 14:57:58 [INFO]: Creating user: Sriram2005j@gmail.com
2025-12-25 14:57:58 [INFO]: User registered successfully: Sriram2005j@gmail.com
2025-12-25 14:58:05 [INFO]: Login attempt for email: Sriram2005j@gmail.com
2025-12-25 14:58:05 [INFO]: Fetching user by email: Sriram2005j@gmail.com
2025-12-25 14:58:05 [INFO]: Login successful for userId: 5
2025-12-25 15:46:44 [INFO]: MySQL database connected successfully
2025-12-25 15:46:44 [INFO]: Server running on port 3001
2025-12-25 15:47:05 [INFO]: Login attempt for email: Sriram2005j@gmail.com
2025-12-25 15:47:05 [INFO]: Fetching user by email: Sriram2005j@gmail.com
2025-12-25 15:47:05 [INFO]: Login successful for userId: 5
2025-12-25 17:32:43 [ERROR]: MySQL connection failed: Unknown database 'house_rental_db'
2025-12-25 17:32:43 [ERROR]: Connection details: host=127.0.0.1, user=root, database=house_rental_db, port=3306
2025-12-25 17:32:43 [ERROR]: Server startup failed: Unknown database 'house_rental_db'
2025-12-25 17:36:50 [INFO]: Server running on port 3001
2025-12-25 17:36:50 [INFO]: MySQL database connected successfully
2025-12-25 18:13:23 [INFO]: Server running on port 3001
2025-12-25 18:13:23 [INFO]: MySQL database connected successfully
2025-12-25 18:14:02 [INFO]: Registration request received: {"name":"Kumar","email":"example@gmail.com","phone":"1234567890","password":"123456","role":"OWNER"}
2025-12-25 18:14:02 [INFO]: Register attempt for email: example@gmail.com
2025-12-25 18:14:02 [INFO]: Fetching user by email: example@gmail.com
2025-12-25 18:14:02 [ERROR]: Register failed: Table 'house_rental_db.users' doesn't exist
2025-12-25 18:14:02 [ERROR]: Full error: Table 'house_rental_db.users' doesn't exist
2025-12-25 18:21:40 [INFO]: Registration request received: {"name":"Kumar","email":"example@gmail.com","phone":"1234567890","password":"123456","role":"OWNER"}
2025-12-25 18:21:40 [INFO]: Register attempt for email: example@gmail.com
2025-12-25 18:21:40 [INFO]: Fetching user by email: example@gmail.com
2025-12-25 18:21:40 [INFO]: Creating user: example@gmail.com
2025-12-25 18:21:40 [INFO]: User registered successfully: example@gmail.com
2025-12-25 18:21:52 [INFO]: Login attempt for email: example@gmail.com
2025-12-25 18:21:52 [INFO]: Fetching user by email: example@gmail.com
2025-12-25 18:21:52 [INFO]: Login successful for userId: 1
2025-12-25 18:32:35 [INFO]: Server running on port 3001
2025-12-25 18:32:35 [INFO]: MySQL database connected successfully
2025-12-25 18:35:17 [INFO]: Registration request received: {"name":"John Doe","email":"john@example.com","phone":"1234567890","password":"123456","confirmPassword":"123456","role":"OWNER"}
2025-12-25 18:35:17 [INFO]: Register attempt for email: john@example.com
2025-12-25 18:35:17 [INFO]: Fetching user by email: john@example.com
2025-12-25 18:35:17 [INFO]: Creating user: john@example.com
2025-12-25 18:35:17 [INFO]: User registered successfully: john@example.com
2025-12-25 18:42:19 [INFO]: Login attempt for email: john@example.com
2025-12-25 18:42:19 [INFO]: Fetching user by email: john@example.com
2025-12-25 18:42:19 [INFO]: Login successful for userId: 2
2025-12-25 18:57:51 [INFO]: Server running on port 3001
2025-12-25 18:57:51 [INFO]: MySQL database connected successfully
2025-12-25 18:59:49 [INFO]: MySQL database connected successfully
2025-12-25 18:59:49 [INFO]: Server running on port 3001
2025-12-25 19:03:38 [INFO]: Server running on port 3001
2025-12-25 19:03:38 [INFO]: MySQL database connected successfully
2025-12-25 19:05:51 [INFO]: MySQL database connected successfully
2025-12-25 19:05:51 [INFO]: Server running on port 3001
2025-12-25 19:07:14 [INFO]: MySQL database connected successfully
2025-12-25 19:07:14 [INFO]: Server running on port 3001
2025-12-25 19:07:21 [INFO]: Server running on port 3001
2025-12-25 19:07:21 [INFO]: MySQL database connected successfully
2025-12-25 19:07:46 [INFO]: Server running on port 3001
2025-12-25 19:07:46 [INFO]: MySQL database connected successfully
2025-12-25 19:07:49 [INFO]: MySQL database connected successfully
2025-12-25 19:07:49 [INFO]: Server running on port 3001
2025-12-25 19:08:01 [INFO]: MySQL database connected successfully
2025-12-25 19:08:01 [INFO]: Server running on port 3001
2025-12-25 19:08:36 [INFO]: MySQL database connected successfully
2025-12-25 19:08:36 [INFO]: Server running on port 3001
2025-12-25 19:09:35 [INFO]: Server running on port 3001
2025-12-25 19:09:35 [INFO]: MySQL database connected successfully
2025-12-25 20:17:01 [INFO]: MySQL database connected successfully
2025-12-25 20:17:01 [INFO]: Server running on http://localhost:3001
2025-12-25 20:24:40 [ERROR]: Failed to add property: Table 'house_rental_db.properties' doesn't exist
2025-12-25 20:24:44 [ERROR]: Failed to add property: Table 'house_rental_db.properties' doesn't exist
2025-12-25 20:27:53 [INFO]: MySQL database connected successfully
2025-12-25 20:27:53 [INFO]: Server running on http://localhost:3001
2025-12-25 20:28:02 [ERROR]: Failed to add property: Unknown column 'rent' in 'field list'
2025-12-25 20:32:16 [INFO]: MySQL database connected successfully
2025-12-25 20:32:16 [INFO]: Server running on http://localhost:3001
2025-12-25 20:33:18 [ERROR]: ADD PROPERTY ERROR: Column 'owner_id' cannot be null
2025-12-25 20:39:07 [INFO]: Server running on http://localhost:3001
2025-12-25 20:39:07 [INFO]: MySQL database connected successfully
2025-12-25 20:40:14 [INFO]: MySQL database connected successfully
2025-12-25 20:40:14 [INFO]: Server running on http://localhost:3001
2025-12-25 20:40:25 [INFO]: MySQL database connected successfully
2025-12-25 20:40:25 [INFO]: Server running on http://localhost:3001
2025-12-25 20:40:44 [INFO]: MySQL database connected successfully
2025-12-25 20:40:44 [INFO]: Server running on http://localhost:3001
2025-12-25 20:41:11 [INFO]: MySQL database connected successfully
2025-12-25 20:41:11 [INFO]: Server running on http://localhost:3001
2025-12-25 20:41:18 [INFO]: MySQL database connected successfully
2025-12-25 20:41:18 [INFO]: Server running on http://localhost:3001
2025-12-25 20:42:02 [INFO]: Server running on http://localhost:3001
2025-12-25 20:42:02 [INFO]: MySQL database connected successfully
2025-12-25 20:43:42 [INFO]: Server running on http://localhost:3001
2025-12-25 20:43:42 [INFO]: MySQL database connected successfully
2025-12-25 20:43:46 [INFO]: Server running on http://localhost:3001
2025-12-25 20:43:46 [INFO]: MySQL database connected successfully
2025-12-25 20:43:51 [INFO]: MySQL database connected successfully
2025-12-25 20:43:51 [INFO]: Server running on http://localhost:3001
2025-12-25 20:44:19 [INFO]: MySQL database connected successfully
2025-12-25 20:44:19 [INFO]: Server running on http://localhost:3001
2025-12-25 20:44:51 [ERROR]: Column 'owner_id' cannot be null
2025-12-25 20:44:56 [ERROR]: Column 'owner_id' cannot be null
2025-12-25 21:04:32 [INFO]: MySQL database connected successfully
2025-12-25 21:04:32 [INFO]: Server running on http://localhost:3001
2025-12-25 21:04:48 [INFO]: Server running on http://localhost:3001
2025-12-25 21:04:48 [INFO]: MySQL database connected successfully
2025-12-25 21:05:44 [INFO]: MySQL database connected successfully
2025-12-25 21:05:44 [INFO]: Server running on http://localhost:3001
2025-12-25 21:05:50 [INFO]: Property created by owner 2
2025-12-25 21:09:45 [INFO]: MySQL database connected successfully
2025-12-25 21:09:45 [INFO]: Server running on http://localhost:3001
2025-12-25 21:10:08 [INFO]: MySQL database connected successfully
2025-12-25 21:10:08 [INFO]: Server running on http://localhost:3001
2025-12-25 21:10:16 [INFO]: MySQL database connected successfully
2025-12-25 21:10:16 [INFO]: Server running on http://localhost:3001
2025-12-25 21:12:51 [ERROR]: Unexpected token 'P', "Parking,Lift" is not valid JSON
2025-12-25 21:13:19 [ERROR]: Unexpected token 'P', "Parking,Lift" is not valid JSON
2025-12-25 21:20:02 [INFO]: MySQL database connected successfully
2025-12-25 21:20:02 [INFO]: Server running on http://localhost:3001
2025-12-25 21:21:14 [INFO]: MySQL database connected successfully
2025-12-25 21:21:14 [INFO]: Server running on http://localhost:3001
2025-12-25 21:21:37 [INFO]: Server running on http://localhost:3001
2025-12-25 21:21:37 [INFO]: MySQL database connected successfully
2025-12-25 21:21:47 [INFO]: MySQL database connected successfully
2025-12-25 21:21:47 [INFO]: Server running on http://localhost:3001
2025-12-25 21:21:49 [INFO]: MySQL database connected successfully
2025-12-25 21:21:49 [INFO]: Server running on http://localhost:3001
2025-12-25 21:21:55 [INFO]: MySQL database connected successfully
2025-12-25 21:21:55 [INFO]: Server running on http://localhost:3001
2025-12-25 21:22:03 [ERROR]: Unexpected token 'P', "Parking,Lift" is not valid JSON
2025-12-25 21:23:21 [INFO]: MySQL database connected successfully
2025-12-25 21:23:21 [INFO]: Server running on http://localhost:3001
2025-12-25 21:23:24 [ERROR]: Unexpected token 'P', "Parking,Lift" is not valid JSON
2025-12-25 21:24:06 [INFO]: MySQL database connected successfully
2025-12-25 21:24:06 [INFO]: Server running on http://localhost:3001
2025-12-25 21:24:09 [ERROR]: Unexpected token 'P', "Parking,Lift" is not valid JSON
2025-12-25 21:24:26 [INFO]: MySQL database connected successfully
2025-12-25 21:24:26 [INFO]: Server running on http://localhost:3001
2025-12-25 21:24:40 [INFO]: MySQL database connected successfully
2025-12-25 21:24:40 [INFO]: Server running on http://localhost:3001
2025-12-25 21:24:46 [INFO]: MySQL database connected successfully
2025-12-25 21:24:46 [INFO]: Server running on http://localhost:3001
2025-12-25 21:24:58 [ERROR]: Unexpected token 'P', "Parking,Lift" is not valid JSON
2025-12-25 21:28:21 [INFO]: MySQL database connected successfully
2025-12-25 21:28:21 [INFO]: Server running on http://localhost:3001
2025-12-25 21:32:26 [INFO]: MySQL database connected successfully
2025-12-25 21:32:26 [INFO]: Server running on http://localhost:3001
2025-12-25 21:32:44 [INFO]: MySQL database connected successfully
2025-12-25 21:32:44 [INFO]: Server running on http://localhost:3001
2025-12-25 21:33:14 [INFO]: MySQL database connected successfully
2025-12-25 21:33:14 [INFO]: Server running on http://localhost:3001
2025-12-25 21:37:33 [INFO]: MySQL database connected successfully
2025-12-25 21:37:33 [INFO]: Server running on http://localhost:3001
