2025-12-23 00:11:42 [ERROR]: Server startup failed: Access denied for user 'root'@'localhost' (using password: YES)
2025-12-23 00:11:42 [ERROR]: MySQL connection failed: Access denied for user 'root'@'localhost' (using password: YES)
2025-12-23 00:16:20 [ERROR]: Server startup failed: Access denied for user 'root'@'localhost' (using password: YES)
2025-12-23 00:16:20 [ERROR]: MySQL connection failed: Access denied for user 'root'@'localhost' (using password: YES)
2025-12-23 14:53:04 [ERROR]: MySQL connection failed: Access denied for user 'root'@'localhost' (using password: YES)
2025-12-23 14:53:04 [ERROR]: Server startup failed: Access denied for user 'root'@'localhost' (using password: YES)
2025-12-23 15:32:40 [ERROR]: MySQL connection failed: Access denied for user 'root'@'localhost' (using password: YES)
2025-12-23 15:32:40 [ERROR]: Server startup failed: Access denied for user 'root'@'localhost' (using password: YES)
2025-12-23 15:56:31 [ERROR]: MySQL connection failed: Access denied for user 'udaygundu'@'localhost' (using password: NO)
2025-12-23 15:56:31 [ERROR]: Server startup failed: Access denied for user 'udaygundu'@'localhost' (using password: NO)
2025-12-23 15:56:31 [ERROR]: MySQL connection failed: Access denied for user 'udaygundu'@'localhost' (using password: NO)
2025-12-23 15:56:31 [ERROR]: Server startup failed: Access denied for user 'udaygundu'@'localhost' (using password: NO)
2025-12-23 15:56:35 [ERROR]: MySQL connection failed: Access denied for user 'udaygundu'@'localhost' (using password: NO)
2025-12-23 15:56:35 [ERROR]: Server startup failed: Access denied for user 'udaygundu'@'localhost' (using password: NO)
2025-12-23 15:56:35 [ERROR]: MySQL connection failed: Access denied for user 'udaygundu'@'localhost' (using password: NO)
2025-12-23 15:56:35 [ERROR]: Server startup failed: Access denied for user 'udaygundu'@'localhost' (using password: NO)
2025-12-23 15:57:23 [ERROR]: MySQL connection failed: Access denied for user 'udaygundu'@'localhost' (using password: NO)
2025-12-23 15:57:23 [ERROR]: Server startup failed: Access denied for user 'udaygundu'@'localhost' (using password: NO)
2025-12-24 22:50:20 [ERROR]: Server startup failed: Access denied for user 'udaygundu'@'localhost' (using password: NO)
2025-12-24 22:50:20 [ERROR]: MySQL connection failed: Access denied for user 'udaygundu'@'localhost' (using password: NO)
2025-12-24 23:12:11 [ERROR]: Server startup failed: Access denied for user 'udaygundu'@'localhost' (using password: NO)
2025-12-24 23:12:11 [ERROR]: MySQL connection failed: Access denied for user 'udaygundu'@'localhost' (using password: NO)
2025-12-24 23:13:44 [ERROR]: Register failed: Access denied for user 'udaygundu'@'localhost' (using password: NO)
2025-12-24 23:16:10 [ERROR]: Register failed: Access denied for user 'udaygundu'@'localhost' (using password: NO)
2025-12-24 23:18:10 [ERROR]: Register failed: Access denied for user 'udaygundu'@'localhost' (using password: NO)
2025-12-24 23:41:13 [ERROR]: MySQL connection failed: 
2025-12-24 23:41:13 [ERROR]: MySQL connection failed: 
2025-12-24 23:41:13 [ERROR]: Server startup failed: 
2025-12-24 23:41:13 [ERROR]: Server startup failed: 
2025-12-24 23:58:14 [ERROR]: Server startup failed: Access denied for user 'root'@'localhost' (using password: YES)
2025-12-24 23:58:14 [ERROR]: MySQL connection failed: Access denied for user 'root'@'localhost' (using password: YES)
2025-12-24 23:59:15 [ERROR]: Server startup failed: Access denied for user 'root'@'localhost' (using password: NO)
2025-12-24 23:59:15 [ERROR]: MySQL connection failed: Access denied for user 'root'@'localhost' (using password: NO)
2025-12-25 00:04:59 [ERROR]: Register failed: Access denied for user 'root'@'localhost' (using password: YES)
2025-12-25 00:05:35 [ERROR]: Register failed: Access denied for user 'root'@'localhost' (using password: YES)
2025-12-25 00:07:23 [ERROR]: Register failed: Access denied for user 'root'@'localhost' (using password: YES)
2025-12-25 00:09:15 [ERROR]: Register failed: Access denied for user 'root'@'localhost' (using password: YES)
2025-12-25 00:09:29 [ERROR]: Register failed: Access denied for user 'root'@'localhost' (using password: YES)
2025-12-25 00:10:30 [ERROR]: Register failed: Access denied for user 'root'@'localhost' (using password: YES)
2025-12-25 14:47:56 [ERROR]: MySQL connection failed: Access denied for user 'root'@'localhost' (using password: NO)
2025-12-25 14:47:56 [ERROR]: Connection details: host=127.0.0.1, user=root, database=house_rental_db, port=3306
2025-12-25 14:47:56 [ERROR]: Server startup failed: Access denied for user 'root'@'localhost' (using password: NO)
2025-12-25 17:32:43 [ERROR]: MySQL connection failed: Unknown database 'house_rental_db'
2025-12-25 17:32:43 [ERROR]: Connection details: host=127.0.0.1, user=root, database=house_rental_db, port=3306
2025-12-25 17:32:43 [ERROR]: Server startup failed: Unknown database 'house_rental_db'
2025-12-25 18:14:02 [ERROR]: Register failed: Table 'house_rental_db.users' doesn't exist
2025-12-25 18:14:02 [ERROR]: Full error: Table 'house_rental_db.users' doesn't exist
2025-12-25 20:24:40 [ERROR]: Failed to add property: Table 'house_rental_db.properties' doesn't exist
2025-12-25 20:24:44 [ERROR]: Failed to add property: Table 'house_rental_db.properties' doesn't exist
2025-12-25 20:28:02 [ERROR]: Failed to add property: Unknown column 'rent' in 'field list'
2025-12-25 20:33:18 [ERROR]: ADD PROPERTY ERROR: Column 'owner_id' cannot be null
2025-12-25 20:44:51 [ERROR]: Column 'owner_id' cannot be null
2025-12-25 20:44:56 [ERROR]: Column 'owner_id' cannot be null
2025-12-25 21:12:51 [ERROR]: Unexpected token 'P', "Parking,Lift" is not valid JSON
2025-12-25 21:13:19 [ERROR]: Unexpected token 'P', "Parking,Lift" is not valid JSON
2025-12-25 21:22:03 [ERROR]: Unexpected token 'P', "Parking,Lift" is not valid JSON
2025-12-25 21:23:24 [ERROR]: Unexpected token 'P', "Parking,Lift" is not valid JSON
2025-12-25 21:24:09 [ERROR]: Unexpected token 'P', "Parking,Lift" is not valid JSON
2025-12-25 21:24:58 [ERROR]: Unexpected token 'P', "Parking,Lift" is not valid JSON
